{"/Users/andrebeolchi/Developer/kafka-microservices/catalog-service/src/api/catalog-routes.ts": {"path":"/Users/andrebeolchi/Developer/kafka-microservices/catalog-service/src/api/catalog-routes.ts","all":false,"statementMap":{"0":{"start":{"line":1,"column":0},"end":{"line":1,"column":65}},"1":{"start":{"line":2,"column":0},"end":{"line":2,"column":52}},"2":{"start":{"line":3,"column":0},"end":{"line":3,"column":71}},"3":{"start":{"line":4,"column":0},"end":{"line":4,"column":51}},"4":{"start":{"line":5,"column":0},"end":{"line":5,"column":60}},"5":{"start":{"line":6,"column":0},"end":{"line":6,"column":0}},"6":{"start":{"line":7,"column":0},"end":{"line":7,"column":23}},"7":{"start":{"line":8,"column":0},"end":{"line":8,"column":0}},"8":{"start":{"line":9,"column":0},"end":{"line":9,"column":55}},"9":{"start":{"line":10,"column":0},"end":{"line":10,"column":67}},"10":{"start":{"line":11,"column":0},"end":{"line":11,"column":0}},"11":{"start":{"line":12,"column":0},"end":{"line":12,"column":12}},"12":{"start":{"line":13,"column":0},"end":{"line":13,"column":85}},"13":{"start":{"line":14,"column":0},"end":{"line":14,"column":7}},"14":{"start":{"line":15,"column":0},"end":{"line":15,"column":84}},"15":{"start":{"line":16,"column":0},"end":{"line":16,"column":2}},"16":{"start":{"line":17,"column":0},"end":{"line":17,"column":17}},"17":{"start":{"line":18,"column":0},"end":{"line":18,"column":41}},"18":{"start":{"line":19,"column":0},"end":{"line":19,"column":5}},"19":{"start":{"line":20,"column":0},"end":{"line":20,"column":2}},"20":{"start":{"line":21,"column":0},"end":{"line":21,"column":61}},"21":{"start":{"line":22,"column":0},"end":{"line":22,"column":2}},"22":{"start":{"line":23,"column":0},"end":{"line":23,"column":37}},"23":{"start":{"line":24,"column":0},"end":{"line":24,"column":19}},"24":{"start":{"line":25,"column":0},"end":{"line":25,"column":30}},"25":{"start":{"line":26,"column":0},"end":{"line":26,"column":44}},"26":{"start":{"line":27,"column":0},"end":{"line":27,"column":3}},"27":{"start":{"line":28,"column":0},"end":{"line":28,"column":0}},"28":{"start":{"line":29,"column":0},"end":{"line":29,"column":2}},"29":{"start":{"line":30,"column":0},"end":{"line":30,"column":0}},"30":{"start":{"line":31,"column":0},"end":{"line":31,"column":17}}},"s":{"0":1,"1":1,"2":1,"3":1,"4":1,"5":1,"6":1,"7":1,"8":1,"9":1,"10":1,"11":1,"12":1,"13":3,"14":3,"15":3,"16":3,"17":1,"18":1,"19":2,"20":2,"21":1,"22":1,"23":1,"24":1,"25":1,"26":1,"27":3,"28":3,"29":1,"30":1},"branchMap":{"0":{"type":"branch","line":13,"loc":{"start":{"line":13,"column":25},"end":{"line":29,"column":2}},"locations":[{"start":{"line":13,"column":25},"end":{"line":29,"column":2}}]},"1":{"type":"branch","line":17,"loc":{"start":{"line":17,"column":16},"end":{"line":19,"column":5}},"locations":[{"start":{"line":17,"column":16},"end":{"line":19,"column":5}}]},"2":{"type":"branch","line":20,"loc":{"start":{"line":20,"column":-1},"end":{"line":21,"column":61}},"locations":[{"start":{"line":20,"column":-1},"end":{"line":21,"column":61}}]},"3":{"type":"branch","line":22,"loc":{"start":{"line":22,"column":-1},"end":{"line":27,"column":3}},"locations":[{"start":{"line":22,"column":-1},"end":{"line":27,"column":3}}]}},"b":{"0":[3],"1":[1],"2":[2],"3":[1]},"fnMap":{},"f":{}}
,"/Users/andrebeolchi/Developer/kafka-microservices/catalog-service/src/dto/product.ts": {"path":"/Users/andrebeolchi/Developer/kafka-microservices/catalog-service/src/dto/product.ts","all":false,"statementMap":{"0":{"start":{"line":1,"column":0},"end":{"line":1,"column":70}},"1":{"start":{"line":2,"column":0},"end":{"line":2,"column":0}},"2":{"start":{"line":3,"column":0},"end":{"line":3,"column":35}},"3":{"start":{"line":4,"column":0},"end":{"line":4,"column":13}},"4":{"start":{"line":5,"column":0},"end":{"line":5,"column":15}},"5":{"start":{"line":6,"column":0},"end":{"line":6,"column":16}},"6":{"start":{"line":7,"column":0},"end":{"line":7,"column":0}},"7":{"start":{"line":8,"column":0},"end":{"line":8,"column":13}},"8":{"start":{"line":9,"column":0},"end":{"line":9,"column":23}},"9":{"start":{"line":10,"column":0},"end":{"line":10,"column":0}},"10":{"start":{"line":11,"column":0},"end":{"line":11,"column":13}},"11":{"start":{"line":12,"column":0},"end":{"line":12,"column":9}},"12":{"start":{"line":13,"column":0},"end":{"line":13,"column":17}},"13":{"start":{"line":14,"column":0},"end":{"line":14,"column":2}},"14":{"start":{"line":15,"column":0},"end":{"line":15,"column":13}},"15":{"start":{"line":16,"column":0},"end":{"line":16,"column":17}},"16":{"start":{"line":17,"column":0},"end":{"line":17,"column":1}}},"s":{"0":1,"1":1,"2":1,"3":1,"4":1,"5":1,"6":1,"7":1,"8":1,"9":1,"10":1,"11":1,"12":1,"13":1,"14":1,"15":1,"16":1},"branchMap":{},"b":{},"fnMap":{},"f":{}}
,"/Users/andrebeolchi/Developer/kafka-microservices/catalog-service/src/repositories/mock-catalog.ts": {"path":"/Users/andrebeolchi/Developer/kafka-microservices/catalog-service/src/repositories/mock-catalog.ts","all":false,"statementMap":{"0":{"start":{"line":1,"column":0},"end":{"line":1,"column":68}},"1":{"start":{"line":2,"column":0},"end":{"line":2,"column":43}},"2":{"start":{"line":3,"column":0},"end":{"line":3,"column":0}},"3":{"start":{"line":4,"column":0},"end":{"line":4,"column":65}},"4":{"start":{"line":5,"column":0},"end":{"line":5,"column":49}},"5":{"start":{"line":6,"column":0},"end":{"line":6,"column":30}},"6":{"start":{"line":7,"column":0},"end":{"line":7,"column":14}},"7":{"start":{"line":8,"column":0},"end":{"line":8,"column":43}},"8":{"start":{"line":9,"column":0},"end":{"line":9,"column":5}},"9":{"start":{"line":10,"column":0},"end":{"line":10,"column":0}},"10":{"start":{"line":11,"column":0},"end":{"line":11,"column":18}},"11":{"start":{"line":12,"column":0},"end":{"line":12,"column":3}},"12":{"start":{"line":13,"column":0},"end":{"line":13,"column":0}},"13":{"start":{"line":14,"column":0},"end":{"line":14,"column":49}},"14":{"start":{"line":15,"column":0},"end":{"line":15,"column":15}},"15":{"start":{"line":16,"column":0},"end":{"line":16,"column":3}},"16":{"start":{"line":17,"column":0},"end":{"line":17,"column":0}},"17":{"start":{"line":18,"column":0},"end":{"line":18,"column":45}},"18":{"start":{"line":19,"column":0},"end":{"line":19,"column":13}},"19":{"start":{"line":20,"column":0},"end":{"line":20,"column":3}},"20":{"start":{"line":21,"column":0},"end":{"line":21,"column":0}},"21":{"start":{"line":22,"column":0},"end":{"line":22,"column":67}},"22":{"start":{"line":23,"column":0},"end":{"line":23,"column":13}},"23":{"start":{"line":24,"column":0},"end":{"line":24,"column":3}},"24":{"start":{"line":25,"column":0},"end":{"line":25,"column":0}},"25":{"start":{"line":26,"column":0},"end":{"line":26,"column":47}},"26":{"start":{"line":27,"column":0},"end":{"line":27,"column":28}},"27":{"start":{"line":28,"column":0},"end":{"line":28,"column":3}},"28":{"start":{"line":29,"column":0},"end":{"line":29,"column":1}}},"s":{"0":1,"1":1,"2":1,"3":1,"4":1,"5":1,"6":1,"7":1,"8":1,"9":1,"10":1,"11":1,"12":1,"13":1,"14":1,"15":1,"16":1,"17":1,"18":0,"19":0,"20":1,"21":1,"22":0,"23":0,"24":1,"25":1,"26":0,"27":0,"28":1},"branchMap":{"0":{"type":"branch","line":5,"loc":{"start":{"line":5,"column":2},"end":{"line":12,"column":3}},"locations":[{"start":{"line":5,"column":2},"end":{"line":12,"column":3}}]},"1":{"type":"branch","line":14,"loc":{"start":{"line":14,"column":2},"end":{"line":16,"column":3}},"locations":[{"start":{"line":14,"column":2},"end":{"line":16,"column":3}}]}},"b":{"0":[1],"1":[1]},"fnMap":{"0":{"name":"create","decl":{"start":{"line":5,"column":2},"end":{"line":12,"column":3}},"loc":{"start":{"line":5,"column":2},"end":{"line":12,"column":3}},"line":5},"1":{"name":"update","decl":{"start":{"line":14,"column":2},"end":{"line":16,"column":3}},"loc":{"start":{"line":14,"column":2},"end":{"line":16,"column":3}},"line":14},"2":{"name":"delete","decl":{"start":{"line":18,"column":2},"end":{"line":20,"column":3}},"loc":{"start":{"line":18,"column":2},"end":{"line":20,"column":3}},"line":18},"3":{"name":"find","decl":{"start":{"line":22,"column":2},"end":{"line":24,"column":3}},"loc":{"start":{"line":22,"column":2},"end":{"line":24,"column":3}},"line":22},"4":{"name":"findOne","decl":{"start":{"line":26,"column":2},"end":{"line":28,"column":3}},"loc":{"start":{"line":26,"column":2},"end":{"line":28,"column":3}},"line":26}},"f":{"0":1,"1":1,"2":0,"3":0,"4":0}}
,"/Users/andrebeolchi/Developer/kafka-microservices/catalog-service/src/repositories/prisma-catalog.ts": {"path":"/Users/andrebeolchi/Developer/kafka-microservices/catalog-service/src/repositories/prisma-catalog.ts","all":false,"statementMap":{"0":{"start":{"line":1,"column":0},"end":{"line":1,"column":68}},"1":{"start":{"line":2,"column":0},"end":{"line":2,"column":43}},"2":{"start":{"line":3,"column":0},"end":{"line":3,"column":0}},"3":{"start":{"line":4,"column":0},"end":{"line":4,"column":67}},"4":{"start":{"line":5,"column":0},"end":{"line":5,"column":49}},"5":{"start":{"line":6,"column":0},"end":{"line":6,"column":47}},"6":{"start":{"line":7,"column":0},"end":{"line":7,"column":3}},"7":{"start":{"line":8,"column":0},"end":{"line":8,"column":0}},"8":{"start":{"line":9,"column":0},"end":{"line":9,"column":49}},"9":{"start":{"line":10,"column":0},"end":{"line":10,"column":47}},"10":{"start":{"line":11,"column":0},"end":{"line":11,"column":3}},"11":{"start":{"line":12,"column":0},"end":{"line":12,"column":0}},"12":{"start":{"line":13,"column":0},"end":{"line":13,"column":45}},"13":{"start":{"line":14,"column":0},"end":{"line":14,"column":47}},"14":{"start":{"line":15,"column":0},"end":{"line":15,"column":3}},"15":{"start":{"line":16,"column":0},"end":{"line":16,"column":0}},"16":{"start":{"line":17,"column":0},"end":{"line":17,"column":67}},"17":{"start":{"line":18,"column":0},"end":{"line":18,"column":47}},"18":{"start":{"line":19,"column":0},"end":{"line":19,"column":3}},"19":{"start":{"line":20,"column":0},"end":{"line":20,"column":0}},"20":{"start":{"line":21,"column":0},"end":{"line":21,"column":47}},"21":{"start":{"line":22,"column":0},"end":{"line":22,"column":47}},"22":{"start":{"line":23,"column":0},"end":{"line":23,"column":3}},"23":{"start":{"line":24,"column":0},"end":{"line":24,"column":1}}},"s":{"0":1,"1":1,"2":1,"3":1,"4":1,"5":0,"6":0,"7":1,"8":1,"9":0,"10":0,"11":1,"12":1,"13":0,"14":0,"15":1,"16":1,"17":0,"18":0,"19":1,"20":1,"21":0,"22":0,"23":1},"branchMap":{},"b":{},"fnMap":{"0":{"name":"create","decl":{"start":{"line":5,"column":2},"end":{"line":7,"column":3}},"loc":{"start":{"line":5,"column":2},"end":{"line":7,"column":3}},"line":5},"1":{"name":"update","decl":{"start":{"line":9,"column":2},"end":{"line":11,"column":3}},"loc":{"start":{"line":9,"column":2},"end":{"line":11,"column":3}},"line":9},"2":{"name":"delete","decl":{"start":{"line":13,"column":2},"end":{"line":15,"column":3}},"loc":{"start":{"line":13,"column":2},"end":{"line":15,"column":3}},"line":13},"3":{"name":"find","decl":{"start":{"line":17,"column":2},"end":{"line":19,"column":3}},"loc":{"start":{"line":17,"column":2},"end":{"line":19,"column":3}},"line":17},"4":{"name":"findOne","decl":{"start":{"line":21,"column":2},"end":{"line":23,"column":3}},"loc":{"start":{"line":21,"column":2},"end":{"line":23,"column":3}},"line":21}},"f":{"0":0,"1":0,"2":0,"3":0,"4":0}}
,"/Users/andrebeolchi/Developer/kafka-microservices/catalog-service/src/services/catalog.ts": {"path":"/Users/andrebeolchi/Developer/kafka-microservices/catalog-service/src/services/catalog.ts","all":false,"statementMap":{"0":{"start":{"line":1,"column":0},"end":{"line":1,"column":69}},"1":{"start":{"line":2,"column":0},"end":{"line":2,"column":0}},"2":{"start":{"line":3,"column":0},"end":{"line":3,"column":29}},"3":{"start":{"line":4,"column":0},"end":{"line":4,"column":14}},"4":{"start":{"line":5,"column":0},"end":{"line":5,"column":42}},"5":{"start":{"line":6,"column":0},"end":{"line":6,"column":7}},"6":{"start":{"line":7,"column":0},"end":{"line":7,"column":0}},"7":{"start":{"line":8,"column":0},"end":{"line":8,"column":35}},"8":{"start":{"line":9,"column":0},"end":{"line":9,"column":56}},"9":{"start":{"line":10,"column":0},"end":{"line":10,"column":0}},"10":{"start":{"line":11,"column":0},"end":{"line":11,"column":22}},"11":{"start":{"line":12,"column":0},"end":{"line":12,"column":49}},"12":{"start":{"line":13,"column":0},"end":{"line":13,"column":5}},"13":{"start":{"line":14,"column":0},"end":{"line":14,"column":0}},"14":{"start":{"line":15,"column":0},"end":{"line":15,"column":18}},"15":{"start":{"line":16,"column":0},"end":{"line":16,"column":3}},"16":{"start":{"line":17,"column":0},"end":{"line":17,"column":0}},"17":{"start":{"line":18,"column":0},"end":{"line":18,"column":35}},"18":{"start":{"line":19,"column":0},"end":{"line":19,"column":56}},"19":{"start":{"line":20,"column":0},"end":{"line":20,"column":0}},"20":{"start":{"line":21,"column":0},"end":{"line":21,"column":57}},"21":{"start":{"line":22,"column":0},"end":{"line":22,"column":0}},"22":{"start":{"line":23,"column":0},"end":{"line":23,"column":18}},"23":{"start":{"line":24,"column":0},"end":{"line":24,"column":3}},"24":{"start":{"line":25,"column":0},"end":{"line":25,"column":0}},"25":{"start":{"line":26,"column":0},"end":{"line":26,"column":82}},"26":{"start":{"line":27,"column":0},"end":{"line":27,"column":52}},"27":{"start":{"line":28,"column":0},"end":{"line":28,"column":63}},"28":{"start":{"line":29,"column":0},"end":{"line":29,"column":19}},"29":{"start":{"line":30,"column":0},"end":{"line":30,"column":3}},"30":{"start":{"line":31,"column":0},"end":{"line":31,"column":0}},"31":{"start":{"line":32,"column":0},"end":{"line":32,"column":32}},"32":{"start":{"line":33,"column":0},"end":{"line":33,"column":54}},"33":{"start":{"line":34,"column":0},"end":{"line":34,"column":18}},"34":{"start":{"line":35,"column":0},"end":{"line":35,"column":3}},"35":{"start":{"line":36,"column":0},"end":{"line":36,"column":0}},"36":{"start":{"line":37,"column":0},"end":{"line":37,"column":35}},"37":{"start":{"line":38,"column":0},"end":{"line":38,"column":55}},"38":{"start":{"line":39,"column":0},"end":{"line":39,"column":0}},"39":{"start":{"line":40,"column":0},"end":{"line":40,"column":57}},"40":{"start":{"line":41,"column":0},"end":{"line":41,"column":0}},"41":{"start":{"line":42,"column":0},"end":{"line":42,"column":20}},"42":{"start":{"line":43,"column":0},"end":{"line":43,"column":3}},"43":{"start":{"line":44,"column":0},"end":{"line":44,"column":1}}},"s":{"0":1,"1":1,"2":1,"3":1,"4":12,"5":12,"6":1,"7":1,"8":3,"9":2,"10":3,"11":1,"12":1,"13":1,"14":1,"15":1,"16":1,"17":1,"18":2,"19":1,"20":1,"21":1,"22":1,"23":1,"24":1,"25":1,"26":1,"27":2,"28":1,"29":1,"30":1,"31":1,"32":2,"33":1,"34":1,"35":1,"36":1,"37":2,"38":1,"39":1,"40":1,"41":1,"42":1,"43":1},"branchMap":{"0":{"type":"branch","line":4,"loc":{"start":{"line":4,"column":2},"end":{"line":6,"column":7}},"locations":[{"start":{"line":4,"column":2},"end":{"line":6,"column":7}}]},"1":{"type":"branch","line":8,"loc":{"start":{"line":8,"column":2},"end":{"line":16,"column":3}},"locations":[{"start":{"line":8,"column":2},"end":{"line":16,"column":3}}]},"2":{"type":"branch","line":10,"loc":{"start":{"line":10,"column":-1},"end":{"line":11,"column":21}},"locations":[{"start":{"line":10,"column":-1},"end":{"line":11,"column":21}}]},"3":{"type":"branch","line":11,"loc":{"start":{"line":11,"column":21},"end":{"line":16,"column":3}},"locations":[{"start":{"line":11,"column":21},"end":{"line":16,"column":3}}]},"4":{"type":"branch","line":18,"loc":{"start":{"line":18,"column":2},"end":{"line":24,"column":3}},"locations":[{"start":{"line":18,"column":2},"end":{"line":24,"column":3}}]},"5":{"type":"branch","line":20,"loc":{"start":{"line":20,"column":-1},"end":{"line":24,"column":3}},"locations":[{"start":{"line":20,"column":-1},"end":{"line":24,"column":3}}]},"6":{"type":"branch","line":27,"loc":{"start":{"line":27,"column":2},"end":{"line":30,"column":3}},"locations":[{"start":{"line":27,"column":2},"end":{"line":30,"column":3}}]},"7":{"type":"branch","line":29,"loc":{"start":{"line":29,"column":-1},"end":{"line":30,"column":3}},"locations":[{"start":{"line":29,"column":-1},"end":{"line":30,"column":3}}]},"8":{"type":"branch","line":32,"loc":{"start":{"line":32,"column":2},"end":{"line":35,"column":3}},"locations":[{"start":{"line":32,"column":2},"end":{"line":35,"column":3}}]},"9":{"type":"branch","line":34,"loc":{"start":{"line":34,"column":-1},"end":{"line":35,"column":3}},"locations":[{"start":{"line":34,"column":-1},"end":{"line":35,"column":3}}]},"10":{"type":"branch","line":37,"loc":{"start":{"line":37,"column":2},"end":{"line":43,"column":3}},"locations":[{"start":{"line":37,"column":2},"end":{"line":43,"column":3}}]},"11":{"type":"branch","line":39,"loc":{"start":{"line":39,"column":-1},"end":{"line":43,"column":3}},"locations":[{"start":{"line":39,"column":-1},"end":{"line":43,"column":3}}]}},"b":{"0":[12],"1":[3],"2":[2],"3":[1],"4":[2],"5":[1],"6":[2],"7":[1],"8":[2],"9":[1],"10":[2],"11":[1]},"fnMap":{"0":{"name":"CatalogService","decl":{"start":{"line":4,"column":2},"end":{"line":6,"column":7}},"loc":{"start":{"line":4,"column":2},"end":{"line":6,"column":7}},"line":4},"1":{"name":"createProduct","decl":{"start":{"line":8,"column":2},"end":{"line":16,"column":3}},"loc":{"start":{"line":8,"column":2},"end":{"line":16,"column":3}},"line":8},"2":{"name":"updateProduct","decl":{"start":{"line":18,"column":2},"end":{"line":24,"column":3}},"loc":{"start":{"line":18,"column":2},"end":{"line":24,"column":3}},"line":18},"3":{"name":"getProducts","decl":{"start":{"line":27,"column":2},"end":{"line":30,"column":3}},"loc":{"start":{"line":27,"column":2},"end":{"line":30,"column":3}},"line":27},"4":{"name":"getProduct","decl":{"start":{"line":32,"column":2},"end":{"line":35,"column":3}},"loc":{"start":{"line":32,"column":2},"end":{"line":35,"column":3}},"line":32},"5":{"name":"deleteProduct","decl":{"start":{"line":37,"column":2},"end":{"line":43,"column":3}},"loc":{"start":{"line":37,"column":2},"end":{"line":43,"column":3}},"line":37}},"f":{"0":12,"1":3,"2":2,"3":2,"4":2,"5":2}}
,"/Users/andrebeolchi/Developer/kafka-microservices/catalog-service/src/utils/request-validator.ts": {"path":"/Users/andrebeolchi/Developer/kafka-microservices/catalog-service/src/utils/request-validator.ts","all":false,"statementMap":{"0":{"start":{"line":1,"column":0},"end":{"line":1,"column":60}},"1":{"start":{"line":2,"column":0},"end":{"line":2,"column":67}},"2":{"start":{"line":3,"column":0},"end":{"line":3,"column":0}},"3":{"start":{"line":4,"column":0},"end":{"line":4,"column":83}},"4":{"start":{"line":5,"column":0},"end":{"line":5,"column":40}},"5":{"start":{"line":6,"column":0},"end":{"line":6,"column":38}},"6":{"start":{"line":7,"column":0},"end":{"line":7,"column":4}},"7":{"start":{"line":8,"column":0},"end":{"line":8,"column":0}},"8":{"start":{"line":9,"column":0},"end":{"line":9,"column":22}},"9":{"start":{"line":10,"column":0},"end":{"line":10,"column":18}},"10":{"start":{"line":11,"column":0},"end":{"line":11,"column":3}},"11":{"start":{"line":12,"column":0},"end":{"line":12,"column":0}},"12":{"start":{"line":13,"column":0},"end":{"line":13,"column":15}},"13":{"start":{"line":14,"column":0},"end":{"line":14,"column":1}},"14":{"start":{"line":15,"column":0},"end":{"line":15,"column":0}},"15":{"start":{"line":16,"column":0},"end":{"line":16,"column":83}},"16":{"start":{"line":17,"column":0},"end":{"line":17,"column":41}},"17":{"start":{"line":18,"column":0},"end":{"line":18,"column":0}},"18":{"start":{"line":19,"column":0},"end":{"line":19,"column":46}},"19":{"start":{"line":20,"column":0},"end":{"line":20,"column":0}},"20":{"start":{"line":21,"column":0},"end":{"line":21,"column":15}},"21":{"start":{"line":22,"column":0},"end":{"line":22,"column":92}},"22":{"start":{"line":23,"column":0},"end":{"line":23,"column":42}},"23":{"start":{"line":24,"column":0},"end":{"line":24,"column":3}},"24":{"start":{"line":25,"column":0},"end":{"line":25,"column":0}},"25":{"start":{"line":26,"column":0},"end":{"line":26,"column":33}},"26":{"start":{"line":27,"column":0},"end":{"line":27,"column":1}}},"s":{"0":1,"1":1,"2":1,"3":1,"4":3,"5":3,"6":3,"7":3,"8":3,"9":1,"10":1,"11":2,"12":2,"13":2,"14":1,"15":1,"16":3,"17":3,"18":3,"19":3,"20":3,"21":1,"22":1,"23":1,"24":2,"25":2,"26":2},"branchMap":{"0":{"type":"branch","line":4,"loc":{"start":{"line":4,"column":24},"end":{"line":14,"column":1}},"locations":[{"start":{"line":4,"column":24},"end":{"line":14,"column":1}}]},"1":{"type":"branch","line":9,"loc":{"start":{"line":9,"column":21},"end":{"line":11,"column":3}},"locations":[{"start":{"line":9,"column":21},"end":{"line":11,"column":3}}]},"2":{"type":"branch","line":12,"loc":{"start":{"line":12,"column":-1},"end":{"line":14,"column":1}},"locations":[{"start":{"line":12,"column":-1},"end":{"line":14,"column":1}}]},"3":{"type":"branch","line":16,"loc":{"start":{"line":16,"column":32},"end":{"line":27,"column":1}},"locations":[{"start":{"line":16,"column":32},"end":{"line":27,"column":1}}]},"4":{"type":"branch","line":21,"loc":{"start":{"line":21,"column":14},"end":{"line":24,"column":3}},"locations":[{"start":{"line":21,"column":14},"end":{"line":24,"column":3}}]},"5":{"type":"branch","line":25,"loc":{"start":{"line":25,"column":-1},"end":{"line":27,"column":1}},"locations":[{"start":{"line":25,"column":-1},"end":{"line":27,"column":1}}]},"6":{"type":"branch","line":22,"loc":{"start":{"line":22,"column":36},"end":{"line":22,"column":79}},"locations":[{"start":{"line":22,"column":36},"end":{"line":22,"column":79}}]},"7":{"type":"branch","line":22,"loc":{"start":{"line":22,"column":72},"end":{"line":22,"column":78}},"locations":[{"start":{"line":22,"column":72},"end":{"line":22,"column":78}}]}},"b":{"0":[3],"1":[1],"2":[2],"3":[3],"4":[1],"5":[2],"6":[1],"7":[0]},"fnMap":{"0":{"name":"validationError","decl":{"start":{"line":4,"column":24},"end":{"line":14,"column":1}},"loc":{"start":{"line":4,"column":24},"end":{"line":14,"column":1}},"line":4},"1":{"name":"RequestValidator","decl":{"start":{"line":16,"column":32},"end":{"line":27,"column":1}},"loc":{"start":{"line":16,"column":32},"end":{"line":27,"column":1}},"line":16}},"f":{"0":3,"1":3}}
,"/Users/andrebeolchi/Developer/kafka-microservices/catalog-service/src/utils/fixtures/index.ts": {"path":"/Users/andrebeolchi/Developer/kafka-microservices/catalog-service/src/utils/fixtures/index.ts","all":false,"statementMap":{"0":{"start":{"line":1,"column":0},"end":{"line":1,"column":31}},"1":{"start":{"line":2,"column":0},"end":{"line":2,"column":39}},"2":{"start":{"line":3,"column":0},"end":{"line":3,"column":42}},"3":{"start":{"line":4,"column":0},"end":{"line":4,"column":0}},"4":{"start":{"line":5,"column":0},"end":{"line":5,"column":60}},"5":{"start":{"line":6,"column":0},"end":{"line":6,"column":52}},"6":{"start":{"line":7,"column":0},"end":{"line":7,"column":43}},"7":{"start":{"line":8,"column":0},"end":{"line":8,"column":57}},"8":{"start":{"line":9,"column":0},"end":{"line":9,"column":39}},"9":{"start":{"line":10,"column":0},"end":{"line":10,"column":56}},"10":{"start":{"line":11,"column":0},"end":{"line":11,"column":2}}},"s":{"0":1,"1":1,"2":1,"3":1,"4":1,"5":1,"6":1,"7":1,"8":1,"9":1,"10":1},"branchMap":{"0":{"type":"branch","line":6,"loc":{"start":{"line":6,"column":6},"end":{"line":6,"column":51}},"locations":[{"start":{"line":6,"column":6},"end":{"line":6,"column":51}}]},"1":{"type":"branch","line":7,"loc":{"start":{"line":7,"column":8},"end":{"line":7,"column":42}},"locations":[{"start":{"line":7,"column":8},"end":{"line":7,"column":42}}]},"2":{"type":"branch","line":8,"loc":{"start":{"line":8,"column":15},"end":{"line":8,"column":56}},"locations":[{"start":{"line":8,"column":15},"end":{"line":8,"column":56}}]},"3":{"type":"branch","line":9,"loc":{"start":{"line":9,"column":9},"end":{"line":9,"column":38}},"locations":[{"start":{"line":9,"column":9},"end":{"line":9,"column":38}}]},"4":{"type":"branch","line":10,"loc":{"start":{"line":10,"column":9},"end":{"line":10,"column":55}},"locations":[{"start":{"line":10,"column":9},"end":{"line":10,"column":55}}]}},"b":{"0":[52],"1":[52],"2":[52],"3":[52],"4":[52]},"fnMap":{"0":{"name":"id","decl":{"start":{"line":6,"column":6},"end":{"line":6,"column":51}},"loc":{"start":{"line":6,"column":6},"end":{"line":6,"column":51}},"line":6},"1":{"name":"name","decl":{"start":{"line":7,"column":8},"end":{"line":7,"column":42}},"loc":{"start":{"line":7,"column":8},"end":{"line":7,"column":42}},"line":7},"2":{"name":"description","decl":{"start":{"line":8,"column":15},"end":{"line":8,"column":56}},"loc":{"start":{"line":8,"column":15},"end":{"line":8,"column":56}},"line":8},"3":{"name":"price","decl":{"start":{"line":9,"column":9},"end":{"line":9,"column":38}},"loc":{"start":{"line":9,"column":9},"end":{"line":9,"column":38}},"line":9},"4":{"name":"stock","decl":{"start":{"line":10,"column":9},"end":{"line":10,"column":55}},"loc":{"start":{"line":10,"column":9},"end":{"line":10,"column":55}},"line":10}},"f":{"0":52,"1":52,"2":52,"3":52,"4":52}}
}
