TN:
SF:src/api/catalog-routes.ts
FNF:0
FNH:0
DA:1,1
DA:2,1
DA:3,1
DA:4,1
DA:5,1
DA:6,1
DA:7,1
DA:8,1
DA:9,1
DA:10,1
DA:11,1
DA:12,1
DA:13,1
DA:14,3
DA:15,3
DA:16,3
DA:17,3
DA:18,1
DA:19,1
DA:20,2
DA:21,2
DA:22,1
DA:23,1
DA:24,1
DA:25,1
DA:26,1
DA:27,1
DA:28,3
DA:29,3
DA:30,1
DA:31,1
DA:32,3
DA:33,3
DA:34,3
DA:35,3
DA:36,3
DA:37,3
DA:38,1
DA:39,1
DA:40,2
DA:41,2
DA:42,1
DA:43,1
DA:44,1
DA:45,1
DA:46,1
DA:47,1
DA:48,3
DA:49,1
DA:50,1
DA:51,2
DA:52,2
DA:53,2
DA:54,2
DA:55,2
DA:56,1
DA:57,1
DA:58,1
DA:59,1
DA:60,1
DA:61,1
DA:62,2
DA:63,1
DA:64,1
DA:65,3
DA:66,3
DA:67,3
DA:68,3
DA:69,1
DA:70,3
DA:71,0
DA:72,0
DA:73,1
DA:74,1
DA:75,3
DA:76,2
DA:77,2
DA:78,2
DA:79,1
DA:80,1
DA:81,1
DA:82,1
DA:83,1
DA:84,3
DA:85,1
DA:86,1
DA:87,3
DA:88,3
DA:89,3
DA:90,3
DA:91,1
DA:92,1
DA:93,3
DA:94,2
DA:95,2
DA:96,2
DA:97,1
DA:98,1
DA:99,1
DA:100,1
DA:101,1
DA:102,3
DA:103,1
DA:104,1
LF:104
LH:102
BRDA:13,0,0,3
BRDA:17,1,0,1
BRDA:20,2,0,2
BRDA:22,3,0,1
BRDA:31,4,0,3
BRDA:32,5,0,0
BRDA:37,6,0,1
BRDA:40,7,0,2
BRDA:42,8,0,1
BRDA:50,9,0,2
BRDA:51,10,0,0
BRDA:56,11,0,1
BRDA:64,12,0,3
BRDA:65,13,0,0
BRDA:69,14,0,1
BRDA:70,15,0,0
BRDA:73,16,0,1
BRDA:75,17,0,2
BRDA:78,18,0,1
BRDA:86,19,0,3
BRDA:87,20,0,0
BRDA:91,21,0,1
BRDA:93,22,0,2
BRDA:96,23,0,1
BRF:24
BRH:19
end_of_record
TN:
SF:src/dto/product.ts
FNF:0
FNH:0
DA:1,1
DA:2,1
DA:3,1
DA:4,1
DA:5,1
DA:6,1
DA:7,1
DA:8,1
DA:9,1
DA:10,1
DA:11,1
DA:12,1
DA:13,1
DA:14,1
DA:15,1
DA:16,1
DA:17,1
DA:18,1
DA:19,1
DA:20,1
DA:21,1
DA:22,1
DA:23,1
DA:24,1
DA:25,1
DA:26,1
DA:27,1
DA:28,1
LF:28
LH:28
BRF:0
BRH:0
end_of_record
TN:
SF:src/repositories/mock-catalog.ts
FN:5,create
FN:14,update
FN:18,delete
FN:22,find
FN:26,findOne
FNF:5
FNH:2
FNDA:1,create
FNDA:1,update
FNDA:0,delete
FNDA:0,find
FNDA:0,findOne
DA:1,1
DA:2,1
DA:3,1
DA:4,1
DA:5,1
DA:6,1
DA:7,1
DA:8,1
DA:9,1
DA:10,1
DA:11,1
DA:12,1
DA:13,1
DA:14,1
DA:15,1
DA:16,1
DA:17,1
DA:18,1
DA:19,0
DA:20,0
DA:21,1
DA:22,1
DA:23,0
DA:24,0
DA:25,1
DA:26,1
DA:27,0
DA:28,0
DA:29,1
LF:29
LH:23
BRDA:5,0,0,1
BRDA:14,1,0,1
BRF:2
BRH:2
end_of_record
TN:
SF:src/services/catalog.ts
FN:4,CatalogService
FN:8,createProduct
FN:18,updateProduct
FN:31,getProducts
FN:36,getProduct
FN:41,deleteProduct
FNF:6
FNH:6
FNDA:12,CatalogService
FNDA:3,createProduct
FNDA:2,updateProduct
FNDA:2,getProducts
FNDA:2,getProduct
FNDA:2,deleteProduct
DA:1,1
DA:2,1
DA:3,1
DA:4,1
DA:5,12
DA:6,12
DA:7,1
DA:8,1
DA:9,3
DA:10,2
DA:11,3
DA:12,1
DA:13,1
DA:14,1
DA:15,1
DA:16,1
DA:17,1
DA:18,1
DA:19,2
DA:20,1
DA:21,2
DA:22,0
DA:23,0
DA:24,1
DA:25,1
DA:26,1
DA:27,1
DA:28,1
DA:29,1
DA:30,1
DA:31,1
DA:32,2
DA:33,1
DA:34,1
DA:35,1
DA:36,1
DA:37,2
DA:38,1
DA:39,1
DA:40,1
DA:41,1
DA:42,2
DA:43,1
DA:44,1
DA:45,1
DA:46,1
DA:47,1
DA:48,1
LF:48
LH:46
BRDA:4,0,0,12
BRDA:8,1,0,3
BRDA:10,2,0,2
BRDA:11,3,0,1
BRDA:18,4,0,2
BRDA:20,5,0,1
BRDA:21,6,0,0
BRDA:24,7,0,1
BRDA:31,8,0,2
BRDA:33,9,0,1
BRDA:36,10,0,2
BRDA:38,11,0,1
BRDA:41,12,0,2
BRDA:43,13,0,1
BRF:14
BRH:13
end_of_record
TN:
SF:src/utils/fixtures/index.ts
FN:6,id
FN:7,name
FN:8,description
FN:9,price
FN:10,stock
FNF:5
FNH:5
FNDA:69,id
FNDA:69,name
FNDA:69,description
FNDA:69,price
FNDA:69,stock
DA:1,1
DA:2,1
DA:3,1
DA:4,1
DA:5,1
DA:6,1
DA:7,1
DA:8,1
DA:9,1
DA:10,1
DA:11,1
LF:11
LH:11
BRDA:6,0,0,69
BRDA:7,1,0,69
BRDA:8,2,0,69
BRDA:9,3,0,69
BRDA:10,4,0,69
BRF:5
BRH:5
end_of_record
